Device: cuda
Preset=smoke | epochs=50 | optimizer=sgd | lr=0.05 | weight_decay=0.0001 | scheduler=cosine | augment=True
Files already downloaded and verified
/home/yushengli/.local/lib/python3.12/site-packages/torchvision/datasets/cifar.py:83: VisibleDeprecationWarning: dtype(): align should be passed as Python or NumPy boolean but got `align=0`. Did you mean to pass a tuple to create a subarray type? (Deprecated NumPy 2.4)
  entry = pickle.load(f, encoding="latin1")
Files already downloaded and verified

============================================================
  MLP
============================================================
Epoch   10/50 | Train Loss: 2.2982 Acc: 11.93% | Test Loss: 2.5614 Acc: 6.84% | 1.1s
Epoch   20/50 | Train Loss: 2.2925 Acc: 12.60% | Test Loss: 2.5859 Acc: 6.08% | 1.0s
Epoch   30/50 | Train Loss: 2.2860 Acc: 12.28% | Test Loss: 2.5800 Acc: 5.98% | 1.0s
Epoch   40/50 | Train Loss: 2.2834 Acc: 13.75% | Test Loss: 2.5586 Acc: 5.24% | 1.1s
Epoch   50/50 | Train Loss: 2.2792 Acc: 13.80% | Test Loss: 2.5618 Acc: 5.07% | 1.0s
  MLP w=20    p=  61,670 p/n=  15.42 train_err= 86.2% test_err= 94.9% best_test_err= 91.8% (53s)

============================================================
  CNN
============================================================
Epoch   10/50 | Train Loss: 2.2951 Acc: 11.82% | Test Loss: 2.3562 Acc: 5.90% | 1.1s
Epoch   20/50 | Train Loss: 2.2836 Acc: 12.72% | Test Loss: 2.4222 Acc: 4.12% | 1.0s
Epoch   30/50 | Train Loss: 2.2759 Acc: 14.22% | Test Loss: 2.4611 Acc: 5.00% | 1.0s
Epoch   40/50 | Train Loss: 2.2655 Acc: 14.57% | Test Loss: 2.4983 Acc: 4.47% | 1.0s
Epoch   50/50 | Train Loss: 2.2626 Acc: 14.93% | Test Loss: 2.5024 Acc: 4.39% | 1.1s
  CNN w=8     p=  11,162 p/n=   2.79 train_err= 85.1% test_err= 95.6% best_test_err= 90.1% (53s)

============================================================
  ResNet
============================================================
Epoch   10/50 | Train Loss: 2.2877 Acc: 12.55% | Test Loss: 2.4194 Acc: 3.63% | 1.1s
Epoch   20/50 | Train Loss: 2.2619 Acc: 14.30% | Test Loss: 2.5327 Acc: 5.86% | 1.1s
Epoch   30/50 | Train Loss: 2.2270 Acc: 16.80% | Test Loss: 2.5620 Acc: 4.32% | 1.1s
Epoch   40/50 | Train Loss: 2.1847 Acc: 19.85% | Test Loss: 2.6152 Acc: 4.58% | 1.1s
Epoch   50/50 | Train Loss: 2.1646 Acc: 20.40% | Test Loss: 2.6323 Acc: 4.78% | 1.1s
  ResNet w=0.5   p=  44,370 p/n=  11.09 train_err= 79.6% test_err= 95.2% best_test_err= 90.0% (56s)

Results saved to results/yusheng_exp5_architecture_smoke_yizheng_recipe/
