Epoch   40/100 | Train Loss: 2.3010 Acc: 11.35% | Test Loss: 2.5419 Acc: 8.93% | 1.0s
Epoch   50/100 | Train Loss: 2.2970 Acc: 12.20% | Test Loss: 2.6210 Acc: 8.53% | 1.1s
Epoch   60/100 | Train Loss: 2.2855 Acc: 12.68% | Test Loss: 2.6673 Acc: 6.67% | 1.0s
Epoch   70/100 | Train Loss: 2.2800 Acc: 13.18% | Test Loss: 2.6028 Acc: 5.99% | 1.1s
Epoch   80/100 | Train Loss: 2.2748 Acc: 12.40% | Test Loss: 2.6289 Acc: 6.26% | 1.1s
Epoch   90/100 | Train Loss: 2.2703 Acc: 13.57% | Test Loss: 2.6427 Acc: 5.86% | 1.0s
Epoch  100/100 | Train Loss: 2.2629 Acc: 13.97% | Test Loss: 2.6373 Acc: 6.07% | 1.0s
  MLP w=20    p=  61,670 p/n=  15.42 train_err= 86.0% test_err= 93.9% best_test_err= 89.8% (108s)

============================================================
  CNN
============================================================
Epoch   10/100 | Train Loss: 2.2944 Acc: 11.45% | Test Loss: 2.3989 Acc: 5.88% | 1.1s
Epoch   20/100 | Train Loss: 2.2830 Acc: 12.97% | Test Loss: 2.4002 Acc: 5.06% | 1.2s
Epoch   30/100 | Train Loss: 2.2697 Acc: 13.95% | Test Loss: 2.4661 Acc: 4.34% | 1.0s
Epoch   40/100 | Train Loss: 2.2580 Acc: 15.50% | Test Loss: 2.5235 Acc: 3.99% | 1.0s
Epoch   50/100 | Train Loss: 2.2404 Acc: 16.12% | Test Loss: 2.5904 Acc: 4.16% | 1.0s
Epoch   60/100 | Train Loss: 2.2199 Acc: 18.30% | Test Loss: 2.6300 Acc: 3.91% | 1.0s
Epoch   70/100 | Train Loss: 2.2018 Acc: 19.20% | Test Loss: 2.6460 Acc: 4.54% | 1.1s
Epoch   80/100 | Train Loss: 2.1863 Acc: 19.95% | Test Loss: 2.6975 Acc: 4.29% | 1.1s
Epoch   90/100 | Train Loss: 2.1724 Acc: 20.38% | Test Loss: 2.7364 Acc: 4.42% | 1.0s
Epoch  100/100 | Train Loss: 2.1656 Acc: 20.48% | Test Loss: 2.7352 Acc: 4.32% | 1.1s
  CNN w=8     p=  11,162 p/n=   2.79 train_err= 79.5% test_err= 95.7% best_test_err= 90.1% (107s)

============================================================
  ResNet
============================================================
Epoch   10/100 | Train Loss: 2.2933 Acc: 11.78% | Test Loss: 2.3914 Acc: 2.96% | 1.1s
Epoch   20/100 | Train Loss: 2.2807 Acc: 13.05% | Test Loss: 2.4801 Acc: 5.22% | 1.1s
Epoch   30/100 | Train Loss: 2.2726 Acc: 15.03% | Test Loss: 2.4899 Acc: 6.41% | 1.1s
Epoch   40/100 | Train Loss: 2.2473 Acc: 15.18% | Test Loss: 2.5759 Acc: 6.00% | 1.1s
Epoch   50/100 | Train Loss: 2.2139 Acc: 17.88% | Test Loss: 2.5482 Acc: 5.47% | 1.1s
Epoch   60/100 | Train Loss: 2.1638 Acc: 20.48% | Test Loss: 2.6937 Acc: 5.47% | 1.1s
Epoch   70/100 | Train Loss: 2.1209 Acc: 22.73% | Test Loss: 2.8662 Acc: 4.85% | 1.1s
Epoch   80/100 | Train Loss: 2.0262 Acc: 27.05% | Test Loss: 2.8460 Acc: 5.36% | 1.1s
Epoch   90/100 | Train Loss: 1.9379 Acc: 32.55% | Test Loss: 2.9162 Acc: 5.71% | 1.1s
Epoch  100/100 | Train Loss: 1.9068 Acc: 33.83% | Test Loss: 2.9491 Acc: 5.64% | 1.1s
  ResNet w=0.5   p=  44,370 p/n=  11.09 train_err= 66.2% test_err= 94.4% best_test_err= 89.3% (112s)

Results saved to results/yusheng_exp5_architecture_sgd_wd_smoke_aug/
