Device: cuda
Preset=smoke | epochs=50 | optimizer=sgd | lr=0.05 | weight_decay=0.0001 | scheduler=cosine | augment=True
Files already downloaded and verified
/home/yushengli/.local/lib/python3.12/site-packages/torchvision/datasets/cifar.py:83: VisibleDeprecationWarning: dtype(): align should be passed as Python or NumPy boolean but got `align=0`. Did you mean to pass a tuple to create a subarray type? (Deprecated NumPy 2.4)
  entry = pickle.load(f, encoding="latin1")
Files already downloaded and verified

============================================================
  MLP
============================================================
Epoch   10/50 | Train Loss: 1.8700 Acc: 31.20% | Test Loss: 1.9012 Acc: 34.34% | 1.1s
Epoch   20/50 | Train Loss: 1.7831 Acc: 35.30% | Test Loss: 1.8569 Acc: 34.56% | 1.1s
Epoch   30/50 | Train Loss: 1.7128 Acc: 37.58% | Test Loss: 1.7753 Acc: 38.26% | 1.1s
Epoch   40/50 | Train Loss: 1.6313 Acc: 40.92% | Test Loss: 1.7052 Acc: 39.75% | 1.1s
Epoch   50/50 | Train Loss: 1.6232 Acc: 40.85% | Test Loss: 1.6983 Acc: 40.48% | 1.0s
  MLP w=20    p=  61,670 p/n=  15.42 train_err= 59.1% test_err= 59.5% best_test_err= 59.4% (54s)

============================================================
  CNN
============================================================
Epoch   10/50 | Train Loss: 1.6095 Acc: 40.88% | Test Loss: 1.5145 Acc: 45.47% | 1.1s
Epoch   20/50 | Train Loss: 1.3663 Acc: 49.48% | Test Loss: 1.3499 Acc: 51.47% | 1.1s
Epoch   30/50 | Train Loss: 1.2123 Acc: 55.55% | Test Loss: 1.2333 Acc: 56.45% | 1.0s
Epoch   40/50 | Train Loss: 1.1125 Acc: 60.08% | Test Loss: 1.2016 Acc: 57.95% | 1.0s
Epoch   50/50 | Train Loss: 1.0853 Acc: 60.85% | Test Loss: 1.1725 Acc: 58.64% | 1.1s
  CNN w=8     p=  11,162 p/n=   2.79 train_err= 39.1% test_err= 41.4% best_test_err= 41.0% (53s)

============================================================
  ResNet
============================================================
Epoch   10/50 | Train Loss: 1.4421 Acc: 46.50% | Test Loss: 1.9629 Acc: 30.45% | 1.1s
Epoch   20/50 | Train Loss: 1.1286 Acc: 58.12% | Test Loss: 1.4416 Acc: 50.60% | 1.1s
Epoch   30/50 | Train Loss: 0.9208 Acc: 65.67% | Test Loss: 1.2897 Acc: 55.53% | 1.1s
Epoch   40/50 | Train Loss: 0.7900 Acc: 71.97% | Test Loss: 1.1077 Acc: 61.96% | 1.1s
Epoch   50/50 | Train Loss: 0.7369 Acc: 74.20% | Test Loss: 1.0630 Acc: 63.14% | 1.1s
  ResNet w=0.5   p=  44,370 p/n=  11.09 train_err= 25.8% test_err= 36.9% best_test_err= 36.8% (56s)

Results saved to results/yusheng_exp5_architecture_smoke_clean_yz/
