Device: cuda
Preset=smoke | epochs=50 | optimizer=sgd | lr=0.05 | weight_decay=0.0001 | scheduler=cosine | augment=True
Files already downloaded and verified
/home/yushengli/.local/lib/python3.12/site-packages/torchvision/datasets/cifar.py:83: VisibleDeprecationWarning: dtype(): align should be passed as Python or NumPy boolean but got `align=0`. Did you mean to pass a tuple to create a subarray type? (Deprecated NumPy 2.4)
  entry = pickle.load(f, encoding="latin1")
Files already downloaded and verified

============================================================
  CNN
============================================================
Epoch   10/50 | Train Loss: 1.6300 Acc: 39.95% | Test Loss: 1.5013 Acc: 45.91% | 1.1s
Epoch   20/50 | Train Loss: 1.3579 Acc: 50.88% | Test Loss: 1.3158 Acc: 52.69% | 1.1s
Epoch   30/50 | Train Loss: 1.2177 Acc: 55.77% | Test Loss: 1.2781 Acc: 54.81% | 1.1s
Epoch   40/50 | Train Loss: 1.1158 Acc: 60.17% | Test Loss: 1.1905 Acc: 58.52% | 1.1s
Epoch   50/50 | Train Loss: 1.0716 Acc: 61.12% | Test Loss: 1.1787 Acc: 58.64% | 1.1s
  CNN w=8     p=  11,162 p/n=   2.79 train_err= 38.9% test_err= 41.4% best_test_err= 41.2% (55s)

============================================================
  ResNet
============================================================
Epoch   10/50 | Train Loss: 1.4439 Acc: 46.08% | Test Loss: 1.7114 Acc: 37.58% | 1.1s
Epoch   20/50 | Train Loss: 1.0985 Acc: 59.17% | Test Loss: 1.2830 Acc: 54.34% | 1.2s
Epoch   30/50 | Train Loss: 0.8839 Acc: 67.55% | Test Loss: 1.1962 Acc: 59.63% | 1.2s
Epoch   40/50 | Train Loss: 0.7602 Acc: 73.12% | Test Loss: 1.1356 Acc: 61.32% | 1.1s
Epoch   50/50 | Train Loss: 0.7151 Acc: 74.25% | Test Loss: 1.0843 Acc: 63.17% | 1.1s
  ResNet w=0.5   p=  44,370 p/n=  11.09 train_err= 25.8% test_err= 36.8% best_test_err= 36.8% (57s)

Results saved to results/yusheng_exp5_architecture_smoke_clean_yz_v2/
__EXIT__
