Device: cuda
Preset=full | epochs=50 | optimizer=sgd | lr=0.05 | weight_decay=0.0001 | scheduler=cosine | augment=True
Files already downloaded and verified
/home/yushengli/.local/lib/python3.12/site-packages/torchvision/datasets/cifar.py:83: VisibleDeprecationWarning: dtype(): align should be passed as Python or NumPy boolean but got `align=0`. Did you mean to pass a tuple to create a subarray type? (Deprecated NumPy 2.4)
  entry = pickle.load(f, encoding="latin1")
Files already downloaded and verified

============================================================
  MLP
============================================================
Epoch   10/50 | Train Loss: 2.2130 Acc: 15.00% | Test Loss: 2.2116 Acc: 17.78% | 1.1s
Epoch   20/50 | Train Loss: 2.1215 Acc: 18.05% | Test Loss: 2.1265 Acc: 16.70% | 1.0s
Epoch   30/50 | Train Loss: 2.0991 Acc: 19.00% | Test Loss: 2.1222 Acc: 19.03% | 1.1s
Epoch   40/50 | Train Loss: 2.0772 Acc: 19.93% | Test Loss: 2.0911 Acc: 18.88% | 1.1s
Epoch   50/50 | Train Loss: 2.0794 Acc: 19.62% | Test Loss: 2.0895 Acc: 18.86% | 1.0s
  MLP w=1     p=   3,093 p/n=   0.77 train_err= 80.4% test_err= 81.1% best_test_err= 80.7% (53s)
Epoch   10/50 | Train Loss: 2.0952 Acc: 17.73% | Test Loss: 2.0617 Acc: 20.32% | 1.1s
Epoch   20/50 | Train Loss: 2.0589 Acc: 21.52% | Test Loss: 2.0851 Acc: 20.82% | 1.0s
Epoch   30/50 | Train Loss: 2.0309 Acc: 20.43% | Test Loss: 2.0441 Acc: 20.40% | 1.1s
Epoch   40/50 | Train Loss: 2.0029 Acc: 22.20% | Test Loss: 2.0292 Acc: 22.89% | 1.0s
Epoch   50/50 | Train Loss: 1.9997 Acc: 23.55% | Test Loss: 2.0298 Acc: 22.80% | 1.0s
  MLP w=2     p=   6,176 p/n=   1.54 train_err= 76.5% test_err= 77.2% best_test_err= 76.8% (53s)
Epoch   10/50 | Train Loss: 2.0114 Acc: 23.32% | Test Loss: 1.9987 Acc: 26.35% | 1.1s
Epoch   20/50 | Train Loss: 1.9841 Acc: 24.43% | Test Loss: 2.0132 Acc: 24.83% | 1.1s
Epoch   30/50 | Train Loss: 1.9254 Acc: 27.55% | Test Loss: 1.9440 Acc: 27.39% | 1.0s
Epoch   40/50 | Train Loss: 1.8790 Acc: 28.93% | Test Loss: 1.8731 Acc: 30.56% | 1.0s
Epoch   50/50 | Train Loss: 1.8538 Acc: 30.55% | Test Loss: 1.8740 Acc: 30.95% | 1.1s
  MLP w=5     p=  15,425 p/n=   3.86 train_err= 69.5% test_err= 69.0% best_test_err= 68.9% (53s)
Epoch   10/50 | Train Loss: 1.9289 Acc: 28.73% | Test Loss: 1.9321 Acc: 31.00% | 1.0s
Epoch   20/50 | Train Loss: 1.8674 Acc: 31.82% | Test Loss: 1.8942 Acc: 33.84% | 1.0s
Epoch   30/50 | Train Loss: 1.7924 Acc: 35.17% | Test Loss: 1.8159 Acc: 34.81% | 1.1s
Epoch   40/50 | Train Loss: 1.7465 Acc: 36.45% | Test Loss: 1.7719 Acc: 36.98% | 1.1s
Epoch   50/50 | Train Loss: 1.7412 Acc: 36.80% | Test Loss: 1.7526 Acc: 37.92% | 1.0s
  MLP w=10    p=  30,840 p/n=   7.71 train_err= 63.2% test_err= 62.1% best_test_err= 62.0% (53s)
Epoch   10/50 | Train Loss: 1.8774 Acc: 32.77% | Test Loss: 1.9037 Acc: 32.79% | 1.1s
Epoch   20/50 | Train Loss: 1.7941 Acc: 35.23% | Test Loss: 1.7890 Acc: 37.89% | 1.0s
Epoch   30/50 | Train Loss: 1.7134 Acc: 38.42% | Test Loss: 1.7488 Acc: 39.01% | 1.0s
Epoch   40/50 | Train Loss: 1.6437 Acc: 39.75% | Test Loss: 1.6942 Acc: 40.04% | 1.1s
Epoch   50/50 | Train Loss: 1.5920 Acc: 41.52% | Test Loss: 1.6824 Acc: 40.58% | 1.1s
  MLP w=20    p=  61,670 p/n=  15.42 train_err= 58.5% test_err= 59.4% best_test_err= 59.3% (54s)
Epoch   10/50 | Train Loss: 1.8217 Acc: 33.83% | Test Loss: 2.0942 Acc: 34.12% | 1.0s
Epoch   20/50 | Train Loss: 1.7456 Acc: 36.55% | Test Loss: 1.9233 Acc: 38.15% | 1.1s
Epoch   30/50 | Train Loss: 1.6235 Acc: 41.65% | Test Loss: 1.7974 Acc: 39.94% | 1.0s
Epoch   40/50 | Train Loss: 1.5267 Acc: 45.35% | Test Loss: 1.6781 Acc: 42.76% | 1.1s
Epoch   50/50 | Train Loss: 1.4992 Acc: 46.62% | Test Loss: 1.6614 Acc: 43.14% | 1.1s
  MLP w=50    p= 154,160 p/n=  38.54 train_err= 53.4% test_err= 56.9% best_test_err= 56.6% (52s)
Epoch   10/50 | Train Loss: 1.8081 Acc: 35.23% | Test Loss: 2.0038 Acc: 36.96% | 1.0s
Epoch   20/50 | Train Loss: 1.6756 Acc: 39.23% | Test Loss: 1.8717 Acc: 39.85% | 1.0s
Epoch   30/50 | Train Loss: 1.5723 Acc: 43.58% | Test Loss: 1.9914 Acc: 38.44% | 1.1s
Epoch   40/50 | Train Loss: 1.4715 Acc: 47.33% | Test Loss: 1.7078 Acc: 43.57% | 1.0s
Epoch   50/50 | Train Loss: 1.4157 Acc: 48.88% | Test Loss: 1.6827 Acc: 43.56% | 1.0s
  MLP w=100   p= 308,310 p/n=  77.08 train_err= 51.1% test_err= 56.4% best_test_err= 56.3% (52s)
Epoch   10/50 | Train Loss: 1.7975 Acc: 34.92% | Test Loss: 2.1608 Acc: 35.90% | 1.0s
Epoch   20/50 | Train Loss: 1.7144 Acc: 38.98% | Test Loss: 2.1667 Acc: 39.98% | 1.0s
Epoch   30/50 | Train Loss: 1.5498 Acc: 44.55% | Test Loss: 1.8990 Acc: 41.29% | 1.0s
Epoch   40/50 | Train Loss: 1.4016 Acc: 49.05% | Test Loss: 1.7587 Acc: 43.03% | 1.1s
Epoch   50/50 | Train Loss: 1.3645 Acc: 51.75% | Test Loss: 1.7149 Acc: 43.95% | 1.0s
  MLP w=200   p= 616,610 p/n= 154.15 train_err= 48.2% test_err= 56.0% best_test_err= 56.0% (52s)

============================================================
  CNN
============================================================
Epoch   10/50 | Train Loss: 2.0484 Acc: 24.62% | Test Loss: 1.9446 Acc: 30.21% | 1.1s
Epoch   20/50 | Train Loss: 1.8793 Acc: 30.57% | Test Loss: 1.8244 Acc: 34.41% | 1.1s
Epoch   30/50 | Train Loss: 1.8337 Acc: 33.27% | Test Loss: 1.7939 Acc: 35.44% | 1.1s
Epoch   40/50 | Train Loss: 1.8240 Acc: 32.40% | Test Loss: 1.7794 Acc: 35.88% | 1.1s
Epoch   50/50 | Train Loss: 1.8100 Acc: 33.00% | Test Loss: 1.7757 Acc: 35.53% | 1.0s
  CNN w=1     p=     774 p/n=   0.19 train_err= 67.0% test_err= 64.5% best_test_err= 64.0% (53s)
Epoch   10/50 | Train Loss: 1.8951 Acc: 30.00% | Test Loss: 1.8322 Acc: 33.67% | 1.0s
Epoch   20/50 | Train Loss: 1.7245 Acc: 37.12% | Test Loss: 1.6795 Acc: 38.98% | 1.1s
Epoch   30/50 | Train Loss: 1.6018 Acc: 41.30% | Test Loss: 1.5682 Acc: 42.89% | 1.0s
Epoch   40/50 | Train Loss: 1.5827 Acc: 42.33% | Test Loss: 1.5369 Acc: 44.02% | 1.0s
Epoch   50/50 | Train Loss: 1.5594 Acc: 43.02% | Test Loss: 1.5280 Acc: 44.44% | 1.1s
  CNN w=2     p=   1,718 p/n=   0.43 train_err= 57.0% test_err= 55.6% best_test_err= 55.5% (53s)
Epoch   10/50 | Train Loss: 1.7833 Acc: 34.30% | Test Loss: 1.7672 Acc: 34.73% | 1.0s
Epoch   20/50 | Train Loss: 1.5774 Acc: 42.30% | Test Loss: 1.5387 Acc: 44.75% | 1.1s
Epoch   30/50 | Train Loss: 1.4718 Acc: 46.67% | Test Loss: 1.4798 Acc: 46.38% | 1.0s
Epoch   40/50 | Train Loss: 1.4357 Acc: 47.65% | Test Loss: 1.4207 Acc: 48.89% | 1.0s
Epoch   50/50 | Train Loss: 1.4277 Acc: 48.98% | Test Loss: 1.3991 Acc: 49.83% | 1.0s
  CNN w=3     p=   2,842 p/n=   0.71 train_err= 51.0% test_err= 50.2% best_test_err= 50.0% (53s)
Epoch   10/50 | Train Loss: 1.7666 Acc: 35.40% | Test Loss: 1.6756 Acc: 40.45% | 1.0s
Epoch   20/50 | Train Loss: 1.5566 Acc: 44.33% | Test Loss: 1.5541 Acc: 45.04% | 1.1s
Epoch   30/50 | Train Loss: 1.4262 Acc: 48.02% | Test Loss: 1.4364 Acc: 48.75% | 1.0s
Epoch   40/50 | Train Loss: 1.3614 Acc: 51.15% | Test Loss: 1.3731 Acc: 51.14% | 1.1s
Epoch   50/50 | Train Loss: 1.3345 Acc: 51.23% | Test Loss: 1.3618 Acc: 51.67% | 1.0s
  CNN w=4     p=   4,146 p/n=   1.04 train_err= 48.8% test_err= 48.3% best_test_err= 48.2% (53s)
Epoch   10/50 | Train Loss: 1.6963 Acc: 39.45% | Test Loss: 1.5821 Acc: 42.51% | 1.1s
Epoch   20/50 | Train Loss: 1.4456 Acc: 46.62% | Test Loss: 1.4118 Acc: 49.19% | 1.1s
Epoch   30/50 | Train Loss: 1.3267 Acc: 51.60% | Test Loss: 1.3519 Acc: 51.92% | 1.0s
Epoch   40/50 | Train Loss: 1.2480 Acc: 54.67% | Test Loss: 1.2798 Acc: 54.00% | 1.1s
Epoch   50/50 | Train Loss: 1.2252 Acc: 56.45% | Test Loss: 1.2693 Acc: 54.87% | 1.0s
  CNN w=6     p=   7,294 p/n=   1.82 train_err= 43.5% test_err= 45.1% best_test_err= 45.1% (53s)
Epoch   10/50 | Train Loss: 1.6087 Acc: 40.23% | Test Loss: 1.5310 Acc: 44.73% | 1.1s
Epoch   20/50 | Train Loss: 1.3696 Acc: 50.95% | Test Loss: 1.3164 Acc: 53.17% | 1.1s
Epoch   30/50 | Train Loss: 1.1873 Acc: 56.98% | Test Loss: 1.2090 Acc: 57.26% | 1.0s
Epoch   40/50 | Train Loss: 1.1037 Acc: 60.00% | Test Loss: 1.1641 Acc: 59.10% | 1.0s
Epoch   50/50 | Train Loss: 1.0563 Acc: 61.58% | Test Loss: 1.1467 Acc: 59.91% | 1.0s
  CNN w=8     p=  11,162 p/n=   2.79 train_err= 38.4% test_err= 40.1% best_test_err= 40.0% (53s)
Epoch   10/50 | Train Loss: 1.5459 Acc: 43.77% | Test Loss: 1.4448 Acc: 47.69% | 1.1s
Epoch   20/50 | Train Loss: 1.2757 Acc: 53.38% | Test Loss: 1.2916 Acc: 54.16% | 1.1s
Epoch   30/50 | Train Loss: 1.1329 Acc: 58.08% | Test Loss: 1.1862 Acc: 58.20% | 1.0s
Epoch   40/50 | Train Loss: 0.9966 Acc: 63.98% | Test Loss: 1.1360 Acc: 60.63% | 1.0s
Epoch   50/50 | Train Loss: 0.9613 Acc: 64.65% | Test Loss: 1.1198 Acc: 61.19% | 1.0s
  CNN w=12    p=  21,058 p/n=   5.26 train_err= 35.3% test_err= 38.8% best_test_err= 38.7% (53s)
Epoch   10/50 | Train Loss: 1.5200 Acc: 44.40% | Test Loss: 1.4482 Acc: 47.61% | 1.1s
Epoch   20/50 | Train Loss: 1.2809 Acc: 53.48% | Test Loss: 1.2750 Acc: 54.75% | 1.1s
Epoch   30/50 | Train Loss: 1.1299 Acc: 59.62% | Test Loss: 1.2271 Acc: 56.63% | 1.1s
Epoch   40/50 | Train Loss: 0.9487 Acc: 65.92% | Test Loss: 1.1249 Acc: 61.19% | 1.1s
Epoch   50/50 | Train Loss: 0.8969 Acc: 68.05% | Test Loss: 1.0952 Acc: 62.16% | 1.0s
  CNN w=16    p=  33,834 p/n=   8.46 train_err= 32.0% test_err= 37.8% best_test_err= 37.8% (53s)
Epoch   10/50 | Train Loss: 1.4998 Acc: 45.02% | Test Loss: 1.4150 Acc: 48.76% | 1.0s
Epoch   20/50 | Train Loss: 1.2070 Acc: 56.25% | Test Loss: 1.2461 Acc: 55.53% | 1.1s
Epoch   30/50 | Train Loss: 0.9880 Acc: 64.15% | Test Loss: 1.1010 Acc: 61.25% | 1.1s
Epoch   40/50 | Train Loss: 0.8572 Acc: 70.00% | Test Loss: 1.0538 Acc: 63.97% | 1.1s
Epoch   50/50 | Train Loss: 0.7963 Acc: 71.95% | Test Loss: 1.0486 Acc: 64.22% | 1.0s
  CNN w=24    p=  68,026 p/n=  17.01 train_err= 28.0% test_err= 35.8% best_test_err= 35.6% (53s)
Epoch   10/50 | Train Loss: 1.4607 Acc: 46.45% | Test Loss: 1.4017 Acc: 49.87% | 1.1s
Epoch   20/50 | Train Loss: 1.1670 Acc: 57.55% | Test Loss: 1.1566 Acc: 59.38% | 1.1s
Epoch   30/50 | Train Loss: 0.9275 Acc: 67.85% | Test Loss: 1.0534 Acc: 63.44% | 1.0s
Epoch   40/50 | Train Loss: 0.7729 Acc: 73.00% | Test Loss: 1.0292 Acc: 65.47% | 1.1s
Epoch   50/50 | Train Loss: 0.7201 Acc: 74.17% | Test Loss: 1.0014 Acc: 66.63% | 1.1s
  CNN w=32    p= 113,738 p/n=  28.43 train_err= 25.8% test_err= 33.4% best_test_err= 33.3% (54s)

============================================================
  ResNet
============================================================
Epoch   10/50 | Train Loss: 1.7421 Acc: 33.85% | Test Loss: 1.8111 Acc: 33.57% | 1.1s
Epoch   20/50 | Train Loss: 1.5621 Acc: 42.20% | Test Loss: 1.5910 Acc: 41.38% | 1.2s
Epoch   30/50 | Train Loss: 1.4847 Acc: 45.05% | Test Loss: 1.5474 Acc: 43.01% | 1.1s
Epoch   40/50 | Train Loss: 1.4304 Acc: 47.92% | Test Loss: 1.5056 Acc: 44.31% | 1.1s
Epoch   50/50 | Train Loss: 1.4156 Acc: 48.23% | Test Loss: 1.4600 Acc: 46.23% | 1.1s
  ResNet w=0.125 p=   2,988 p/n=   0.75 train_err= 51.8% test_err= 53.8% best_test_err= 53.6% (56s)
Epoch   10/50 | Train Loss: 1.6708 Acc: 35.45% | Test Loss: 1.7375 Acc: 33.41% | 1.1s
Epoch   20/50 | Train Loss: 1.4719 Acc: 44.35% | Test Loss: 1.8223 Acc: 38.19% | 1.1s
Epoch   30/50 | Train Loss: 1.3397 Acc: 50.85% | Test Loss: 1.5458 Acc: 45.50% | 1.1s
Epoch   40/50 | Train Loss: 1.2482 Acc: 54.25% | Test Loss: 1.3694 Acc: 50.52% | 1.1s
Epoch   50/50 | Train Loss: 1.2039 Acc: 55.95% | Test Loss: 1.3477 Acc: 51.42% | 1.2s
  ResNet w=0.25  p=  11,374 p/n=   2.84 train_err= 44.0% test_err= 48.6% best_test_err= 48.4% (56s)
Epoch   10/50 | Train Loss: 1.3994 Acc: 47.45% | Test Loss: 1.9884 Acc: 36.11% | 1.1s
Epoch   20/50 | Train Loss: 1.0995 Acc: 59.67% | Test Loss: 1.2333 Acc: 56.61% | 1.1s
Epoch   30/50 | Train Loss: 0.9112 Acc: 66.62% | Test Loss: 1.3456 Acc: 54.03% | 1.1s
Epoch   40/50 | Train Loss: 0.7676 Acc: 72.38% | Test Loss: 1.1048 Acc: 62.42% | 1.1s
Epoch   50/50 | Train Loss: 0.7241 Acc: 74.00% | Test Loss: 1.0412 Acc: 64.41% | 1.1s
  ResNet w=0.5   p=  44,370 p/n=  11.09 train_err= 26.0% test_err= 35.6% best_test_err= 35.5% (56s)
Epoch   10/50 | Train Loss: 1.4307 Acc: 45.70% | Test Loss: 1.5513 Acc: 44.39% | 1.1s
Epoch   20/50 | Train Loss: 1.0514 Acc: 61.60% | Test Loss: 1.3632 Acc: 53.95% | 1.1s
Epoch   30/50 | Train Loss: 0.8139 Acc: 70.92% | Test Loss: 1.1629 Acc: 60.30% | 1.1s
Epoch   40/50 | Train Loss: 0.6034 Acc: 79.38% | Test Loss: 1.1422 Acc: 63.08% | 1.1s
Epoch   50/50 | Train Loss: 0.5305 Acc: 81.80% | Test Loss: 1.0849 Acc: 65.03% | 1.2s
  ResNet w=0.75  p=  98,998 p/n=  24.75 train_err= 18.2% test_err= 35.0% best_test_err= 34.9% (57s)
Epoch   10/50 | Train Loss: 1.3405 Acc: 49.83% | Test Loss: 1.4818 Acc: 46.15% | 1.1s
Epoch   20/50 | Train Loss: 0.9935 Acc: 63.38% | Test Loss: 1.3953 Acc: 53.47% | 1.1s
Epoch   30/50 | Train Loss: 0.6909 Acc: 75.00% | Test Loss: 1.4010 Acc: 57.44% | 1.1s
Epoch   40/50 | Train Loss: 0.4869 Acc: 82.65% | Test Loss: 1.0061 Acc: 67.25% | 1.2s
Epoch   50/50 | Train Loss: 0.4160 Acc: 86.67% | Test Loss: 1.0119 Acc: 67.95% | 1.2s
  ResNet w=1.0   p= 175,258 p/n=  43.81 train_err= 13.3% test_err= 32.0% best_test_err= 32.0% (57s)
Epoch   10/50 | Train Loss: 1.2589 Acc: 52.38% | Test Loss: 1.7673 Acc: 43.85% | 1.4s
Epoch   20/50 | Train Loss: 0.8248 Acc: 69.50% | Test Loss: 1.6735 Acc: 50.98% | 1.3s
Epoch   30/50 | Train Loss: 0.5103 Acc: 81.78% | Test Loss: 1.2580 Acc: 62.18% | 1.4s
Epoch   40/50 | Train Loss: 0.3196 Acc: 89.30% | Test Loss: 1.0753 Acc: 67.98% | 1.4s
Epoch   50/50 | Train Loss: 0.2492 Acc: 92.80% | Test Loss: 1.0479 Acc: 69.53% | 1.4s
  ResNet w=1.5   p= 392,674 p/n=  98.17 train_err=  7.2% test_err= 30.5% best_test_err= 30.4% (68s)
Epoch   10/50 | Train Loss: 1.1767 Acc: 57.27% | Test Loss: 1.5738 Acc: 48.74% | 1.4s
Epoch   20/50 | Train Loss: 0.7606 Acc: 72.60% | Test Loss: 1.2420 Acc: 60.30% | 1.5s
Epoch   30/50 | Train Loss: 0.4555 Acc: 83.83% | Test Loss: 1.4368 Acc: 62.07% | 1.4s
Epoch   40/50 | Train Loss: 0.2458 Acc: 92.03% | Test Loss: 1.0896 Acc: 68.54% | 1.4s
Epoch   50/50 | Train Loss: 0.1693 Acc: 95.38% | Test Loss: 1.0493 Acc: 70.45% | 1.4s
  ResNet w=2.0   p= 696,618 p/n= 174.15 train_err=  4.6% test_err= 29.5% best_test_err= 29.4% (68s)

Results saved to results/yusheng_exp5_architecture_clean_yz_recipe/
__EXIT__
